# JRE version: Java(TM) SE Runtime Environment (8.0_71-b15) (build 1.8.0_71-b15)
# Java VM: Java HotSpot(TM) 64-Bit Server VM (25.71-b15 mixed mode windows-amd64 compressed oops)
Heap:
 PSYoungGen      total 202752K, used 89262K [0x000000076b600000, 0x0000000779b00000, 0x00000007c0000000)
  eden space 182784K, 37% used [0x000000076b600000,0x000000076f9b3308,0x0000000776880000)
  from space 19968K, 99% used [0x0000000777f80000,0x00000007792f8808,0x0000000779300000)
  to   space 23552K, 0% used [0x0000000776880000,0x0000000776880000,0x0000000777f80000)
 ParOldGen       total 183808K, used 24184K [0x00000006c2200000, 0x00000006cd580000, 0x000000076b600000)
  object space 183808K, 13% used [0x00000006c2200000,0x00000006c399e3e0,0x00000006cd580000)
 Metaspace       used 52006K, capacity 52734K, committed 53120K, reserved 1095680K
  class space    used 6529K, capacity 6702K, committed 6784K, reserved 1048576K
GC Heap History (10 events):
Event: 3.076 GC heap before
{Heap before GC invocations=6 (full 1):
 PSYoungGen      total 98816K, used 98429K [0x000000076b600000, 0x0000000774280000, 0x00000007c0000000)
  eden space 95744K, 100% used [0x000000076b600000,0x0000000771380000,0x0000000771380000)
  from space 3072K, 87% used [0x0000000773f80000,0x000000077421f750,0x0000000774280000)
  to   space 10752K, 0% used [0x0000000772d80000,0x0000000772d80000,0x0000000773800000)
 ParOldGen       total 105984K, used 7860K [0x00000006c2200000, 0x00000006c8980000, 0x000000076b600000)
  object space 105984K, 7% used [0x00000006c2200000,0x00000006c29ad290,0x00000006c8980000)
 Metaspace       used 28114K, capacity 28476K, committed 28672K, reserved 1075200K
  class space    used 3457K, capacity 3559K, committed 3584K, reserved 1048576K
Event: 3.087 GC heap after
Heap after GC invocations=6 (full 1):
 PSYoungGen      total 133120K, used 10735K [0x000000076b600000, 0x0000000775880000, 0x00000007c0000000)
  eden space 122368K, 0% used [0x000000076b600000,0x000000076b600000,0x0000000772d80000)
  from space 10752K, 99% used [0x0000000772d80000,0x00000007737fbc38,0x0000000773800000)
  to   space 13824K, 0% used [0x0000000774b00000,0x0000000774b00000,0x0000000775880000)
 ParOldGen       total 105984K, used 9135K [0x00000006c2200000, 0x00000006c8980000, 0x000000076b600000)
  object space 105984K, 8% used [0x00000006c2200000,0x00000006c2aebda0,0x00000006c8980000)
 Metaspace       used 28114K, capacity 28476K, committed 28672K, reserved 1075200K
  class space    used 3457K, capacity 3559K, committed 3584K, reserved 1048576K
}
Event: 4.014 GC heap before
{Heap before GC invocations=7 (full 1):
 PSYoungGen      total 133120K, used 114820K [0x000000076b600000, 0x0000000775880000, 0x00000007c0000000)
  eden space 122368K, 85% used [0x000000076b600000,0x0000000771ba5458,0x0000000772d80000)
  from space 10752K, 99% used [0x0000000772d80000,0x00000007737fbc38,0x0000000773800000)
  to   space 13824K, 0% used [0x0000000774b00000,0x0000000774b00000,0x0000000775880000)
 ParOldGen       total 105984K, used 9135K [0x00000006c2200000, 0x00000006c8980000, 0x000000076b600000)
  object space 105984K, 8% used [0x00000006c2200000,0x00000006c2aebda0,0x00000006c8980000)
 Metaspace       used 34816K, capacity 35218K, committed 35456K, reserved 1081344K
  class space    used 4313K, capacity 4432K, committed 4480K, reserved 1048576K
Event: 4.035 GC heap after
Heap after GC invocations=7 (full 1):
 PSYoungGen      total 147968K, used 13816K [0x000000076b600000, 0x0000000778a80000, 0x00000007c0000000)
  eden space 134144K, 0% used [0x000000076b600000,0x000000076b600000,0x0000000773900000)
  from space 13824K, 99% used [0x0000000774b00000,0x000000077587e3d0,0x0000000775880000)
  to   space 18432K, 0% used [0x0000000773900000,0x0000000773900000,0x0000000774b00000)
 ParOldGen       total 105984K, used 12810K [0x00000006c2200000, 0x00000006c8980000, 0x000000076b600000)
  object space 105984K, 12% used [0x00000006c2200000,0x00000006c2e82a48,0x00000006c8980000)
 Metaspace       used 34816K, capacity 35218K, committed 35456K, reserved 1081344K
  class space    used 4313K, capacity 4432K, committed 4480K, reserved 1048576K
}
Event: 4.035 GC heap before
{Heap before GC invocations=8 (full 2):
 PSYoungGen      total 147968K, used 13816K [0x000000076b600000, 0x0000000778a80000, 0x00000007c0000000)
  eden space 134144K, 0% used [0x000000076b600000,0x000000076b600000,0x0000000773900000)
  from space 13824K, 99% used [0x0000000774b00000,0x000000077587e3d0,0x0000000775880000)
  to   space 18432K, 0% used [0x0000000773900000,0x0000000773900000,0x0000000774b00000)
 ParOldGen       total 105984K, used 12810K [0x00000006c2200000, 0x00000006c8980000, 0x000000076b600000)
  object space 105984K, 12% used [0x00000006c2200000,0x00000006c2e82a48,0x00000006c8980000)
 Metaspace       used 34816K, capacity 35218K, committed 35456K, reserved 1081344K
  class space    used 4313K, capacity 4432K, committed 4480K, reserved 1048576K
Event: 4.114 GC heap after
Heap after GC invocations=8 (full 2):
 PSYoungGen      total 147968K, used 0K [0x000000076b600000, 0x0000000778a80000, 0x00000007c0000000)
  eden space 134144K, 0% used [0x000000076b600000,0x000000076b600000,0x0000000773900000)
  from space 13824K, 0% used [0x0000000774b00000,0x0000000774b00000,0x0000000775880000)
  to   space 18432K, 0% used [0x0000000773900000,0x0000000773900000,0x0000000774b00000)
 ParOldGen       total 183808K, used 23423K [0x00000006c2200000, 0x00000006cd580000, 0x000000076b600000)
  object space 183808K, 12% used [0x00000006c2200000,0x00000006c38dfee0,0x00000006cd580000)
 Metaspace       used 34816K, capacity 35218K, committed 35456K, reserved 1081344K
  class space    used 4313K, capacity 4432K, committed 4480K, reserved 1048576K
}
Event: 5.240 GC heap before
{Heap before GC invocations=9 (full 2):
 PSYoungGen      total 147968K, used 134144K [0x000000076b600000, 0x0000000778a80000, 0x00000007c0000000)
  eden space 134144K, 100% used [0x000000076b600000,0x0000000773900000,0x0000000773900000)
  from space 13824K, 0% used [0x0000000774b00000,0x0000000774b00000,0x0000000775880000)
  to   space 18432K, 0% used [0x0000000773900000,0x0000000773900000,0x0000000774b00000)
 ParOldGen       total 183808K, used 23423K [0x00000006c2200000, 0x00000006cd580000, 0x000000076b600000)
  object space 183808K, 12% used [0x00000006c2200000,0x00000006c38dfee0,0x00000006cd580000)
 Metaspace       used 42916K, capacity 43290K, committed 43776K, reserved 1087488K
  class space    used 5432K, capacity 5532K, committed 5632K, reserved 1048576K
Event: 5.258 GC heap after
Heap after GC invocations=9 (full 2):
 PSYoungGen      total 152576K, used 15286K [0x000000076b600000, 0x0000000779300000, 0x00000007c0000000)
  eden space 134144K, 0% used [0x000000076b600000,0x000000076b600000,0x0000000773900000)
  from space 18432K, 82% used [0x0000000773900000,0x00000007747eda00,0x0000000774b00000)
  to   space 19968K, 0% used [0x0000000777f80000,0x0000000777f80000,0x0000000779300000)
 ParOldGen       total 183808K, used 23423K [0x00000006c2200000, 0x00000006cd580000, 0x000000076b600000)
  object space 183808K, 12% used [0x00000006c2200000,0x00000006c38dfee0,0x00000006cd580000)
 Metaspace       used 42916K, capacity 43290K, committed 43776K, reserved 1087488K
  class space    used 5432K, capacity 5532K, committed 5632K, reserved 1048576K
}
Event: 6.659 GC heap before
{Heap before GC invocations=10 (full 2):
 PSYoungGen      total 152576K, used 149430K [0x000000076b600000, 0x0000000779300000, 0x00000007c0000000)
  eden space 134144K, 100% used [0x000000076b600000,0x0000000773900000,0x0000000773900000)
  from space 18432K, 82% used [0x0000000773900000,0x00000007747eda00,0x0000000774b00000)
  to   space 19968K, 0% used [0x0000000777f80000,0x0000000777f80000,0x0000000779300000)
 ParOldGen       total 183808K, used 23423K [0x00000006c2200000, 0x00000006cd580000, 0x000000076b600000)
  object space 183808K, 12% used [0x00000006c2200000,0x00000006c38dfee0,0x00000006cd580000)
 Metaspace       used 47553K, capacity 48174K, committed 48384K, reserved 1091584K
  class space    used 5997K, capacity 6138K, committed 6144K, reserved 1048576K
Event: 6.685 GC heap after
Heap after GC invocations=10 (full 2):
 PSYoungGen      total 202752K, used 19938K [0x000000076b600000, 0x0000000779b00000, 0x00000007c0000000)
  eden space 182784K, 0% used [0x000000076b600000,0x000000076b600000,0x0000000776880000)
  from space 19968K, 99% used [0x0000000777f80000,0x00000007792f8808,0x0000000779300000)
  to   space 23552K, 0% used [0x0000000776880000,0x0000000776880000,0x0000000777f80000)
 ParOldGen       total 183808K, used 24184K [0x00000006c2200000, 0x00000006cd580000, 0x000000076b600000)
  object space 183808K, 13% used [0x00000006c2200000,0x00000006c399e3e0,0x00000006cd580000)
 Metaspace       used 47553K, capacity 48174K, committed 48384K, reserved 1091584K
  class space    used 5997K, capacity 6138K, committed 6144K, reserved 1048576K
}

